<?xml version="1.0" encoding="UTF-8"?>
<coverage generated="1684325602637" clover="3.2.0">
  <project timestamp="1684325602637" name="All files">
    <metrics statements="36" coveredstatements="34" conditionals="40" coveredconditionals="21" methods="10" coveredmethods="8" elements="86" coveredelements="63" complexity="0" loc="36" ncloc="36" packages="1" files="1" classes="1"/>
    <file name="HelloWorld.vue" path="/Users/apple/Documents/Nova/Frontend/clean-sample-ts/src/presentation/components/HelloWorld.vue">
      <metrics statements="36" coveredstatements="34" conditionals="40" coveredconditionals="21" methods="10" coveredmethods="8"/>
      <line num="3" count="1" type="cond" truecount="3" falsecount="0"/>
      <line num="4" count="1" type="stmt"/>
      <line num="5" count="1" type="cond" truecount="1" falsecount="3"/>
      <line num="8" count="0" type="stmt"/>
      <line num="10" count="0" type="cond" truecount="0" falsecount="2"/>
      <line num="12" count="1" type="stmt"/>
      <line num="14" count="1" type="stmt"/>
      <line num="15" count="1" type="cond" truecount="2" falsecount="2"/>
      <line num="16" count="1" type="stmt"/>
      <line num="18" count="1" type="stmt"/>
      <line num="20" count="1" type="cond" truecount="1" falsecount="1"/>
      <line num="23" count="1" type="cond" truecount="3" falsecount="0"/>
      <line num="24" count="1" type="stmt"/>
      <line num="25" count="1" type="cond" truecount="1" falsecount="3"/>
      <line num="27" count="1" type="cond" truecount="6" falsecount="6"/>
      <line num="28" count="1" type="cond" truecount="1" falsecount="2"/>
      <line num="30" count="1" type="stmt"/>
      <line num="33" count="1" type="stmt"/>
      <line num="34" count="1" type="stmt"/>
      <line num="35" count="1" type="stmt"/>
      <line num="37" count="1" type="cond" truecount="3" falsecount="0"/>
      <line num="38" count="1" type="stmt"/>
      <line num="44" count="1" type="stmt"/>
      <line num="46" count="1" type="stmt"/>
      <line num="51" count="1" type="stmt"/>
      <line num="53" count="1" type="stmt"/>
      <line num="54" count="1" type="stmt"/>
      <line num="55" count="1" type="stmt"/>
      <line num="56" count="1" type="stmt"/>
      <line num="57" count="1" type="stmt"/>
      <line num="58" count="1" type="stmt"/>
      <line num="59" count="1" type="stmt"/>
      <line num="61" count="1" type="stmt"/>
      <line num="66" count="1" type="stmt"/>
      <line num="68" count="1" type="stmt"/>
      <line num="71" count="1" type="stmt"/>
    </file>
  </project>
</coverage>
