{"/Users/apple/Documents/Nova/Frontend/clean-sample-ts/src/presentation/components/HelloWorld.vue": {"path":"/Users/apple/Documents/Nova/Frontend/clean-sample-ts/src/presentation/components/HelloWorld.vue","statementMap":{"0":{"start":{"line":3,"column":16},"end":{"line":22,"column":3}},"1":{"start":{"line":4,"column":22},"end":{"line":13,"column":3}},"2":{"start":{"line":5,"column":4},"end":{"line":11,"column":6}},"3":{"start":{"line":8,"column":6},"end":{"line":8,"column":22}},"4":{"start":{"line":10,"column":6},"end":{"line":10,"column":83}},"5":{"start":{"line":10,"column":23},"end":{"line":10,"column":83}},"6":{"start":{"line":10,"column":71},"end":{"line":10,"column":83}},"7":{"start":{"line":12,"column":4},"end":{"line":12,"column":31}},"8":{"start":{"line":14,"column":2},"end":{"line":21,"column":4}},"9":{"start":{"line":15,"column":4},"end":{"line":15,"column":137}},"10":{"start":{"line":15,"column":47},"end":{"line":15,"column":137}},"11":{"start":{"line":16,"column":4},"end":{"line":16,"column":24}},"12":{"start":{"line":18,"column":6},"end":{"line":18,"column":27}},"13":{"start":{"line":20,"column":4},"end":{"line":20,"column":89}},"14":{"start":{"line":23,"column":17},"end":{"line":29,"column":1}},"15":{"start":{"line":24,"column":10},"end":{"line":24,"column":26}},"16":{"start":{"line":25,"column":8},"end":{"line":25,"column":99}},"17":{"start":{"line":27,"column":2},"end":{"line":27,"column":275}},"18":{"start":{"line":27,"column":77},"end":{"line":27,"column":129}},"19":{"start":{"line":27,"column":134},"end":{"line":27,"column":275}},"20":{"start":{"line":27,"column":147},"end":{"line":27,"column":168}},"21":{"start":{"line":27,"column":183},"end":{"line":27,"column":275}},"22":{"start":{"line":27,"column":206},"end":{"line":27,"column":275}},"23":{"start":{"line":28,"column":2},"end":{"line":28,"column":64}},"24":{"start":{"line":30,"column":0},"end":{"line":32,"column":3}},"25":{"start":{"line":33,"column":28},"end":{"line":33,"column":58}},"26":{"start":{"line":34,"column":30},"end":{"line":52,"column":28}},"27":{"start":{"line":35,"column":2},"end":{"line":35,"column":32}},"28":{"start":{"line":37,"column":16},"end":{"line":37,"column":72}},"29":{"start":{"line":38,"column":4},"end":{"line":43,"column":7}},"30":{"start":{"line":44,"column":4},"end":{"line":44,"column":17}},"31":{"start":{"line":46,"column":2},"end":{"line":50,"column":19}},"32":{"start":{"line":51,"column":2},"end":{"line":51,"column":20}},"33":{"start":{"line":53,"column":0},"end":{"line":53,"column":29}},"34":{"start":{"line":54,"column":0},"end":{"line":54,"column":13}},"35":{"start":{"line":55,"column":0},"end":{"line":55,"column":62}},"36":{"start":{"line":56,"column":0},"end":{"line":56,"column":24}},"37":{"start":{"line":57,"column":12},"end":{"line":57,"column":26}},"38":{"start":{"line":58,"column":17},"end":{"line":58,"column":35}},"39":{"start":{"line":59,"column":31},"end":{"line":59,"column":2182}},"40":{"start":{"line":61,"column":4},"end":{"line":64,"column":8}},"41":{"start":{"line":66,"column":0},"end":{"line":66,"column":24}},"42":{"start":{"line":68,"column":7},"end":{"line":71,"column":6}},"43":{"start":{"line":71,"column":7},"end":{"line":71,"column":54}}},"fnMap":{"0":{"name":"(anonymous_0)","decl":{"start":{"line":3,"column":42},"end":{"line":3,"column":43}},"loc":{"start":{"line":3,"column":54},"end":{"line":22,"column":1}},"line":3},"1":{"name":"(anonymous_1)","decl":{"start":{"line":4,"column":22},"end":{"line":4,"column":23}},"loc":{"start":{"line":4,"column":38},"end":{"line":13,"column":3}},"line":4},"2":{"name":"(anonymous_2)","decl":{"start":{"line":7,"column":26},"end":{"line":7,"column":27}},"loc":{"start":{"line":7,"column":42},"end":{"line":9,"column":5}},"line":7},"3":{"name":"(anonymous_3)","decl":{"start":{"line":9,"column":9},"end":{"line":9,"column":10}},"loc":{"start":{"line":9,"column":25},"end":{"line":11,"column":5}},"line":9},"4":{"name":"(anonymous_4)","decl":{"start":{"line":14,"column":9},"end":{"line":14,"column":10}},"loc":{"start":{"line":14,"column":25},"end":{"line":21,"column":3}},"line":14},"5":{"name":"__","decl":{"start":{"line":17,"column":13},"end":{"line":17,"column":15}},"loc":{"start":{"line":17,"column":18},"end":{"line":19,"column":5}},"line":17},"6":{"name":"(anonymous_6)","decl":{"start":{"line":23,"column":44},"end":{"line":23,"column":45}},"loc":{"start":{"line":23,"column":85},"end":{"line":29,"column":1}},"line":23},"7":{"name":"(anonymous_7)","decl":{"start":{"line":34,"column":30},"end":{"line":34,"column":31}},"loc":{"start":{"line":34,"column":48},"end":{"line":52,"column":1}},"line":34},"8":{"name":"HelloWorld","decl":{"start":{"line":36,"column":11},"end":{"line":36,"column":21}},"loc":{"start":{"line":36,"column":24},"end":{"line":45,"column":3}},"line":36},"9":{"name":"render","decl":{"start":{"line":60,"column":9},"end":{"line":60,"column":15}},"loc":{"start":{"line":60,"column":30},"end":{"line":65,"column":1}},"line":60}},"branchMap":{"0":{"loc":{"start":{"line":3,"column":16},"end":{"line":22,"column":3}},"type":"binary-expr","locations":[{"start":{"line":3,"column":16},"end":{"line":3,"column":20}},{"start":{"line":3,"column":24},"end":{"line":3,"column":38}},{"start":{"line":3,"column":42},"end":{"line":22,"column":3}}],"line":3},"1":{"loc":{"start":{"line":5,"column":20},"end":{"line":11,"column":5}},"type":"binary-expr","locations":[{"start":{"line":5,"column":20},"end":{"line":5,"column":41}},{"start":{"line":5,"column":45},"end":{"line":7,"column":22}},{"start":{"line":7,"column":26},"end":{"line":9,"column":5}},{"start":{"line":9,"column":9},"end":{"line":11,"column":5}}],"line":5},"2":{"loc":{"start":{"line":10,"column":23},"end":{"line":10,"column":83}},"type":"if","locations":[{"start":{"line":10,"column":23},"end":{"line":10,"column":83}},{"start":{},"end":{}}],"line":10},"3":{"loc":{"start":{"line":15,"column":4},"end":{"line":15,"column":137}},"type":"if","locations":[{"start":{"line":15,"column":4},"end":{"line":15,"column":137}},{"start":{},"end":{}}],"line":15},"4":{"loc":{"start":{"line":15,"column":8},"end":{"line":15,"column":45}},"type":"binary-expr","locations":[{"start":{"line":15,"column":8},"end":{"line":15,"column":31}},{"start":{"line":15,"column":35},"end":{"line":15,"column":45}}],"line":15},"5":{"loc":{"start":{"line":20,"column":18},"end":{"line":20,"column":88}},"type":"cond-expr","locations":[{"start":{"line":20,"column":31},"end":{"line":20,"column":47}},{"start":{"line":20,"column":51},"end":{"line":20,"column":87}}],"line":20},"6":{"loc":{"start":{"line":23,"column":17},"end":{"line":29,"column":1}},"type":"binary-expr","locations":[{"start":{"line":23,"column":17},"end":{"line":23,"column":21}},{"start":{"line":23,"column":25},"end":{"line":23,"column":40}},{"start":{"line":23,"column":44},"end":{"line":29,"column":1}}],"line":23},"7":{"loc":{"start":{"line":25,"column":8},"end":{"line":25,"column":99}},"type":"cond-expr","locations":[{"start":{"line":25,"column":16},"end":{"line":25,"column":22}},{"start":{"line":25,"column":25},"end":{"line":25,"column":99}}],"line":25},"8":{"loc":{"start":{"line":25,"column":25},"end":{"line":25,"column":99}},"type":"cond-expr","locations":[{"start":{"line":25,"column":41},"end":{"line":25,"column":92}},{"start":{"line":25,"column":95},"end":{"line":25,"column":99}}],"line":25},"9":{"loc":{"start":{"line":27,"column":2},"end":{"line":27,"column":275}},"type":"if","locations":[{"start":{"line":27,"column":2},"end":{"line":27,"column":275}},{"start":{"line":27,"column":134},"end":{"line":27,"column":275}}],"line":27},"10":{"loc":{"start":{"line":27,"column":6},"end":{"line":27,"column":75}},"type":"binary-expr","locations":[{"start":{"line":27,"column":6},"end":{"line":27,"column":33}},{"start":{"line":27,"column":37},"end":{"line":27,"column":75}}],"line":27},"11":{"loc":{"start":{"line":27,"column":183},"end":{"line":27,"column":275}},"type":"if","locations":[{"start":{"line":27,"column":183},"end":{"line":27,"column":275}},{"start":{},"end":{}}],"line":27},"12":{"loc":{"start":{"line":27,"column":210},"end":{"line":27,"column":274}},"type":"binary-expr","locations":[{"start":{"line":27,"column":211},"end":{"line":27,"column":268}},{"start":{"line":27,"column":273},"end":{"line":27,"column":274}}],"line":27},"13":{"loc":{"start":{"line":27,"column":211},"end":{"line":27,"column":268}},"type":"cond-expr","locations":[{"start":{"line":27,"column":219},"end":{"line":27,"column":223}},{"start":{"line":27,"column":226},"end":{"line":27,"column":268}}],"line":27},"14":{"loc":{"start":{"line":27,"column":226},"end":{"line":27,"column":268}},"type":"cond-expr","locations":[{"start":{"line":27,"column":234},"end":{"line":27,"column":251}},{"start":{"line":27,"column":254},"end":{"line":27,"column":268}}],"line":27},"15":{"loc":{"start":{"line":28,"column":9},"end":{"line":28,"column":60}},"type":"binary-expr","locations":[{"start":{"line":28,"column":9},"end":{"line":28,"column":14}},{"start":{"line":28,"column":18},"end":{"line":28,"column":19}},{"start":{"line":28,"column":23},"end":{"line":28,"column":60}}],"line":28},"16":{"loc":{"start":{"line":37,"column":16},"end":{"line":37,"column":72}},"type":"binary-expr","locations":[{"start":{"line":37,"column":16},"end":{"line":37,"column":31}},{"start":{"line":37,"column":35},"end":{"line":37,"column":64}},{"start":{"line":37,"column":68},"end":{"line":37,"column":72}}],"line":37}},"s":{"0":1,"1":1,"2":1,"3":0,"4":0,"5":0,"6":0,"7":1,"8":1,"9":1,"10":0,"11":1,"12":1,"13":1,"14":1,"15":1,"16":1,"17":1,"18":0,"19":1,"20":1,"21":1,"22":1,"23":1,"24":1,"25":1,"26":1,"27":1,"28":1,"29":1,"30":1,"31":1,"32":1,"33":1,"34":1,"35":1,"36":1,"37":1,"38":1,"39":1,"40":1,"41":1,"42":1,"43":1},"f":{"0":1,"1":1,"2":0,"3":0,"4":1,"5":1,"6":1,"7":1,"8":1,"9":1},"b":{"0":[1,1,1],"1":[1,0,0,0],"2":[0,0],"3":[0,1],"4":[1,0],"5":[0,1],"6":[1,1,1],"7":[1,0],"8":[0,0],"9":[0,1],"10":[1,1],"11":[1,0],"12":[1,0],"13":[1,0],"14":[0,0],"15":[1,0,0],"16":[1,1,1]},"inputSourceMap":{"0":"{","1":"\"","2":"v","3":"e","4":"r","5":"s","6":"i","7":"o","8":"n","9":"\"","10":":","11":"3","12":",","13":"\"","14":"s","15":"o","16":"u","17":"r","18":"c","19":"e","20":"s","21":"\"","22":":","23":"[","24":"\"","25":"/","26":"U","27":"s","28":"e","29":"r","30":"s","31":"/","32":"a","33":"p","34":"p","35":"l","36":"e","37":"/","38":"D","39":"o","40":"c","41":"u","42":"m","43":"e","44":"n","45":"t","46":"s","47":"/","48":"N","49":"o","50":"v","51":"a","52":"/","53":"F","54":"r","55":"o","56":"n","57":"t","58":"e","59":"n","60":"d","61":"/","62":"c","63":"l","64":"e","65":"a","66":"n","67":"-","68":"s","69":"a","70":"m","71":"p","72":"l","73":"e","74":"-","75":"t","76":"s","77":"/","78":"s","79":"r","80":"c","81":"/","82":"p","83":"r","84":"e","85":"s","86":"e","87":"n","88":"t","89":"a","90":"t","91":"i","92":"o","93":"n","94":"/","95":"c","96":"o","97":"m","98":"p","99":"o","100":"n","101":"e","102":"n","103":"t","104":"s","105":"/","106":"H","107":"e","108":"l","109":"l","110":"o","111":"W","112":"o","113":"r","114":"l","115":"d","116":".","117":"v","118":"u","119":"e","120":"\"","121":"]","122":",","123":"\"","124":"n","125":"a","126":"m","127":"e","128":"s","129":"\"","130":":","131":"[","132":"]","133":",","134":"\"","135":"m","136":"a","137":"p","138":"p","139":"i","140":"n","141":"g","142":"s","143":"\"","144":":","145":"\"","146":";","147":";","148":";","149":";","150":";","151":";","152":";","153":";","154":";","155":";","156":";","157":";","158":";","159":";","160":";","161":";","162":";","163":";","164":";","165":";","166":";","167":";","168":";","169":";","170":";","171":";","172":";","173":";","174":";","175":";","176":";","177":";","178":"A","179":"A","180":"q","181":"C","182":"A","183":";","184":"A","185":"A","186":"O","187":"A","188":";","189":"E","190":"A","191":"A","192":"w","193":"C","194":";","195":"E","196":"A","197":"A","198":"x","199":"C","200":";","201":"I","202":"A","203":"A","204":"A","205":";","206":"I","207":"A","208":"C","209":"E","210":";","211":";","212":";","213":";","214":";","215":";","216":";","217":"E","218":"A","219":"C","220":"F","221":";","222":"E","223":"A","224":"F","225":"q","226":"B","227":",","228":"U","229":"A","230":"A","231":"U","232":",","233":"e","234":"A","235":"L","236":"9","237":"B","238":",","239":"i","240":"C","241":"A","242":"A","243":"O","244":",","245":"E","246":"A","247":"A","248":"C","249":";","250":"I","251":"A","252":"C","253":"P","254":",","255":"K","256":"A","257":"A","258":"K","259":",","260":"E","261":"A","262":"A","263":"E","264":";","265":"M","266":"A","267":"C","268":"L","269":",","270":"G","271":"A","272":"A","273":"G","274":",","275":"E","276":"A","277":"A","278":"E","279":";","280":";","281":"G","282":"A","283":"E","284":"R","285":",","286":"C","287":"A","288":"A","289":"C","290":",","291":"G","292":"A","293":"C","294":"m","295":"B","296":",","297":"U","298":"A","299":"A","300":"U","301":",","302":"C","303":"A","304":"E","305":"9","306":"B","307":";","308":"E","309":"A","310":"A","311":"D","312":",","313":"i","314":"B","315":"A","316":"A","317":"C","318":";","319":"C","320":"A","321":"A","322":"A","323":",","324":"C","325":"A","326":"F","327":"u","328":"C","329":",","330":"y","331":"B","332":"A","333":"A","334":"G","335":";","336":"k","337":"B","338":"A","339":"A","340":"t","341":"B","342":",","343":"U","344":"A","345":"A","346":"U","347":"\"","348":",","349":"\"","350":"f","351":"i","352":"l","353":"e","354":"\"","355":":","356":"\"","357":"/","358":"U","359":"s","360":"e","361":"r","362":"s","363":"/","364":"a","365":"p","366":"p","367":"l","368":"e","369":"/","370":"D","371":"o","372":"c","373":"u","374":"m","375":"e","376":"n","377":"t","378":"s","379":"/","380":"N","381":"o","382":"v","383":"a","384":"/","385":"F","386":"r","387":"o","388":"n","389":"t","390":"e","391":"n","392":"d","393":"/","394":"c","395":"l","396":"e","397":"a","398":"n","399":"-","400":"s","401":"a","402":"m","403":"p","404":"l","405":"e","406":"-","407":"t","408":"s","409":"/","410":"s","411":"r","412":"c","413":"/","414":"p","415":"r","416":"e","417":"s","418":"e","419":"n","420":"t","421":"a","422":"t","423":"i","424":"o","425":"n","426":"/","427":"c","428":"o","429":"m","430":"p","431":"o","432":"n","433":"e","434":"n","435":"t","436":"s","437":"/","438":"H","439":"e","440":"l","441":"l","442":"o","443":"W","444":"o","445":"r","446":"l","447":"d","448":".","449":"v","450":"u","451":"e","452":"\"","453":",","454":"\"","455":"s","456":"o","457":"u","458":"r","459":"c","460":"e","461":"s","462":"C","463":"o","464":"n","465":"t","466":"e","467":"n","468":"t","469":"\"","470":":","471":"[","472":"\"","473":"<","474":"t","475":"e","476":"m","477":"p","478":"l","479":"a","480":"t","481":"e","482":">","483":"\\","484":"n","485":" ","486":" ","487":"<","488":"d","489":"i","490":"v","491":" ","492":"c","493":"l","494":"a","495":"s","496":"s","497":"=","498":"\\","499":"\"","500":"h","501":"e","502":"l","503":"l","504":"o","505":"\\","506":"\"","507":">","508":"\\","509":"n","510":" ","511":" ","512":" ","513":" ","514":"<","515":"h","516":"1","517":">","518":"{","519":"{","520":" ","521":"m","522":"s","523":"g","524":" ","525":"}","526":"}","527":"<","528":"/","529":"h","530":"1","531":">","532":"\\","533":"n","534":" ","535":" ","536":" ","537":" ","538":"<","539":"p","540":">","541":"\\","542":"n","543":" ","544":" ","545":" ","546":" ","547":" ","548":" ","549":"F","550":"o","551":"r","552":" ","553":"a","554":" ","555":"g","556":"u","557":"i","558":"d","559":"e","560":" ","561":"a","562":"n","563":"d","564":" ","565":"r","566":"e","567":"c","568":"i","569":"p","570":"e","571":"s","572":" ","573":"o","574":"n","575":" ","576":"h","577":"o","578":"w","579":" ","580":"t","581":"o","582":" ","583":"c","584":"o","585":"n","586":"f","587":"i","588":"g","589":"u","590":"r","591":"e","592":" ","593":"/","594":" ","595":"c","596":"u","597":"s","598":"t","599":"o","600":"m","601":"i","602":"z","603":"e","604":" ","605":"t","606":"h","607":"i","608":"s","609":" ","610":"p","611":"r","612":"o","613":"j","614":"e","615":"c","616":"t","617":",","618":"<","619":"b","620":"r","621":">","622":"\\","623":"n","624":" ","625":" ","626":" ","627":" ","628":" ","629":" ","630":"c","631":"h","632":"e","633":"c","634":"k","635":" ","636":"o","637":"u","638":"t","639":" ","640":"t","641":"h","642":"e","643":"\\","644":"n","645":" ","646":" ","647":" ","648":" ","649":" ","650":" ","651":"<","652":"a","653":" ","654":"h","655":"r","656":"e","657":"f","658":"=","659":"\\","660":"\"","661":"h","662":"t","663":"t","664":"p","665":"s","666":":","667":"/","668":"/","669":"c","670":"l","671":"i","672":".","673":"v","674":"u","675":"e","676":"j","677":"s","678":".","679":"o","680":"r","681":"g","682":"\\","683":"\"","684":" ","685":"t","686":"a","687":"r","688":"g","689":"e","690":"t","691":"=","692":"\\","693":"\"","694":"_","695":"b","696":"l","697":"a","698":"n","699":"k","700":"\\","701":"\"","702":" ","703":"r","704":"e","705":"l","706":"=","707":"\\","708":"\"","709":"n","710":"o","711":"o","712":"p","713":"e","714":"n","715":"e","716":"r","717":"\\","718":"\"","719":">","720":"v","721":"u","722":"e","723":"-","724":"c","725":"l","726":"i","727":" ","728":"d","729":"o","730":"c","731":"u","732":"m","733":"e","734":"n","735":"t","736":"a","737":"t","738":"i","739":"o","740":"n","741":"<","742":"/","743":"a","744":">","745":".","746":"\\","747":"n","748":" ","749":" ","750":" ","751":" ","752":"<","753":"/","754":"p","755":">","756":"\\","757":"n","758":" ","759":" ","760":" ","761":" ","762":"<","763":"h","764":"3","765":">","766":"I","767":"n","768":"s","769":"t","770":"a","771":"l","772":"l","773":"e","774":"d","775":" ","776":"C","777":"L","778":"I","779":" ","780":"P","781":"l","782":"u","783":"g","784":"i","785":"n","786":"s","787":"<","788":"/","789":"h","790":"3","791":">","792":"\\","793":"n","794":" ","795":" ","796":" ","797":" ","798":"<","799":"u","800":"l","801":">","802":"\\","803":"n","804":" ","805":" ","806":" ","807":" ","808":" ","809":" ","810":"<","811":"l","812":"i","813":">","814":"<","815":"a","816":" ","817":"h","818":"r","819":"e","820":"f","821":"=","822":"\\","823":"\"","824":"h","825":"t","826":"t","827":"p","828":"s","829":":","830":"/","831":"/","832":"g","833":"i","834":"t","835":"h","836":"u","837":"b","838":".","839":"c","840":"o","841":"m","842":"/","843":"v","844":"u","845":"e","846":"j","847":"s","848":"/","849":"v","850":"u","851":"e","852":"-","853":"c","854":"l","855":"i","856":"/","857":"t","858":"r","859":"e","860":"e","861":"/","862":"d","863":"e","864":"v","865":"/","866":"p","867":"a","868":"c","869":"k","870":"a","871":"g","872":"e","873":"s","874":"/","875":"%","876":"4","877":"0","878":"v","879":"u","880":"e","881":"/","882":"c","883":"l","884":"i","885":"-","886":"p","887":"l","888":"u","889":"g","890":"i","891":"n","892":"-","893":"b","894":"a","895":"b","896":"e","897":"l","898":"\\","899":"\"","900":" ","901":"t","902":"a","903":"r","904":"g","905":"e","906":"t","907":"=","908":"\\","909":"\"","910":"_","911":"b","912":"l","913":"a","914":"n","915":"k","916":"\\","917":"\"","918":" ","919":"r","920":"e","921":"l","922":"=","923":"\\","924":"\"","925":"n","926":"o","927":"o","928":"p","929":"e","930":"n","931":"e","932":"r","933":"\\","934":"\"","935":">","936":"b","937":"a","938":"b","939":"e","940":"l","941":"<","942":"/","943":"a","944":">","945":"<","946":"/","947":"l","948":"i","949":">","950":"\\","951":"n","952":" ","953":" ","954":" ","955":" ","956":" ","957":" ","958":"<","959":"l","960":"i","961":">","962":"<","963":"a","964":" ","965":"h","966":"r","967":"e","968":"f","969":"=","970":"\\","971":"\"","972":"h","973":"t","974":"t","975":"p","976":"s","977":":","978":"/","979":"/","980":"g","981":"i","982":"t","983":"h","984":"u","985":"b","986":".","987":"c","988":"o","989":"m","990":"/","991":"v","992":"u","993":"e","994":"j","995":"s","996":"/","997":"v","998":"u","999":"e","1000":"-","1001":"c","1002":"l","1003":"i","1004":"/","1005":"t","1006":"r","1007":"e","1008":"e","1009":"/","1010":"d","1011":"e","1012":"v","1013":"/","1014":"p","1015":"a","1016":"c","1017":"k","1018":"a","1019":"g","1020":"e","1021":"s","1022":"/","1023":"%","1024":"4","1025":"0","1026":"v","1027":"u","1028":"e","1029":"/","1030":"c","1031":"l","1032":"i","1033":"-","1034":"p","1035":"l","1036":"u","1037":"g","1038":"i","1039":"n","1040":"-","1041":"r","1042":"o","1043":"u","1044":"t","1045":"e","1046":"r","1047":"\\","1048":"\"","1049":" ","1050":"t","1051":"a","1052":"r","1053":"g","1054":"e","1055":"t","1056":"=","1057":"\\","1058":"\"","1059":"_","1060":"b","1061":"l","1062":"a","1063":"n","1064":"k","1065":"\\","1066":"\"","1067":" ","1068":"r","1069":"e","1070":"l","1071":"=","1072":"\\","1073":"\"","1074":"n","1075":"o","1076":"o","1077":"p","1078":"e","1079":"n","1080":"e","1081":"r","1082":"\\","1083":"\"","1084":">","1085":"r","1086":"o","1087":"u","1088":"t","1089":"e","1090":"r","1091":"<","1092":"/","1093":"a","1094":">","1095":"<","1096":"/","1097":"l","1098":"i","1099":">","1100":"\\","1101":"n","1102":" ","1103":" ","1104":" ","1105":" ","1106":" ","1107":" ","1108":"<","1109":"l","1110":"i","1111":">","1112":"<","1113":"a","1114":" ","1115":"h","1116":"r","1117":"e","1118":"f","1119":"=","1120":"\\","1121":"\"","1122":"h","1123":"t","1124":"t","1125":"p","1126":"s","1127":":","1128":"/","1129":"/","1130":"g","1131":"i","1132":"t","1133":"h","1134":"u","1135":"b","1136":".","1137":"c","1138":"o","1139":"m","1140":"/","1141":"v","1142":"u","1143":"e","1144":"j","1145":"s","1146":"/","1147":"v","1148":"u","1149":"e","1150":"-","1151":"c","1152":"l","1153":"i","1154":"/","1155":"t","1156":"r","1157":"e","1158":"e","1159":"/","1160":"d","1161":"e","1162":"v","1163":"/","1164":"p","1165":"a","1166":"c","1167":"k","1168":"a","1169":"g","1170":"e","1171":"s","1172":"/","1173":"%","1174":"4","1175":"0","1176":"v","1177":"u","1178":"e","1179":"/","1180":"c","1181":"l","1182":"i","1183":"-","1184":"p","1185":"l","1186":"u","1187":"g","1188":"i","1189":"n","1190":"-","1191":"v","1192":"u","1193":"e","1194":"x","1195":"\\","1196":"\"","1197":" ","1198":"t","1199":"a","1200":"r","1201":"g","1202":"e","1203":"t","1204":"=","1205":"\\","1206":"\"","1207":"_","1208":"b","1209":"l","1210":"a","1211":"n","1212":"k","1213":"\\","1214":"\"","1215":" ","1216":"r","1217":"e","1218":"l","1219":"=","1220":"\\","1221":"\"","1222":"n","1223":"o","1224":"o","1225":"p","1226":"e","1227":"n","1228":"e","1229":"r","1230":"\\","1231":"\"","1232":">","1233":"v","1234":"u","1235":"e","1236":"x","1237":"<","1238":"/","1239":"a","1240":">","1241":"<","1242":"/","1243":"l","1244":"i","1245":">","1246":"\\","1247":"n","1248":" ","1249":" ","1250":" ","1251":" ","1252":" ","1253":" ","1254":"<","1255":"l","1256":"i","1257":">","1258":"<","1259":"a","1260":" ","1261":"h","1262":"r","1263":"e","1264":"f","1265":"=","1266":"\\","1267":"\"","1268":"h","1269":"t","1270":"t","1271":"p","1272":"s","1273":":","1274":"/","1275":"/","1276":"g","1277":"i","1278":"t","1279":"h","1280":"u","1281":"b","1282":".","1283":"c","1284":"o","1285":"m","1286":"/","1287":"v","1288":"u","1289":"e","1290":"j","1291":"s","1292":"/","1293":"v","1294":"u","1295":"e","1296":"-","1297":"c","1298":"l","1299":"i","1300":"/","1301":"t","1302":"r","1303":"e","1304":"e","1305":"/","1306":"d","1307":"e","1308":"v","1309":"/","1310":"p","1311":"a","1312":"c","1313":"k","1314":"a","1315":"g","1316":"e","1317":"s","1318":"/","1319":"%","1320":"4","1321":"0","1322":"v","1323":"u","1324":"e","1325":"/","1326":"c","1327":"l","1328":"i","1329":"-","1330":"p","1331":"l","1332":"u","1333":"g","1334":"i","1335":"n","1336":"-","1337":"e","1338":"s","1339":"l","1340":"i","1341":"n","1342":"t","1343":"\\","1344":"\"","1345":" ","1346":"t","1347":"a","1348":"r","1349":"g","1350":"e","1351":"t","1352":"=","1353":"\\","1354":"\"","1355":"_","1356":"b","1357":"l","1358":"a","1359":"n","1360":"k","1361":"\\","1362":"\"","1363":" ","1364":"r","1365":"e","1366":"l","1367":"=","1368":"\\","1369":"\"","1370":"n","1371":"o","1372":"o","1373":"p","1374":"e","1375":"n","1376":"e","1377":"r","1378":"\\","1379":"\"","1380":">","1381":"e","1382":"s","1383":"l","1384":"i","1385":"n","1386":"t","1387":"<","1388":"/","1389":"a","1390":">","1391":"<","1392":"/","1393":"l","1394":"i","1395":">","1396":"\\","1397":"n","1398":" ","1399":" ","1400":" ","1401":" ","1402":" ","1403":" ","1404":"<","1405":"l","1406":"i","1407":">","1408":"<","1409":"a","1410":" ","1411":"h","1412":"r","1413":"e","1414":"f","1415":"=","1416":"\\","1417":"\"","1418":"h","1419":"t","1420":"t","1421":"p","1422":"s","1423":":","1424":"/","1425":"/","1426":"g","1427":"i","1428":"t","1429":"h","1430":"u","1431":"b","1432":".","1433":"c","1434":"o","1435":"m","1436":"/","1437":"v","1438":"u","1439":"e","1440":"j","1441":"s","1442":"/","1443":"v","1444":"u","1445":"e","1446":"-","1447":"c","1448":"l","1449":"i","1450":"/","1451":"t","1452":"r","1453":"e","1454":"e","1455":"/","1456":"d","1457":"e","1458":"v","1459":"/","1460":"p","1461":"a","1462":"c","1463":"k","1464":"a","1465":"g","1466":"e","1467":"s","1468":"/","1469":"%","1470":"4","1471":"0","1472":"v","1473":"u","1474":"e","1475":"/","1476":"c","1477":"l","1478":"i","1479":"-","1480":"p","1481":"l","1482":"u","1483":"g","1484":"i","1485":"n","1486":"-","1487":"u","1488":"n","1489":"i","1490":"t","1491":"-","1492":"j","1493":"e","1494":"s","1495":"t","1496":"\\","1497":"\"","1498":" ","1499":"t","1500":"a","1501":"r","1502":"g","1503":"e","1504":"t","1505":"=","1506":"\\","1507":"\"","1508":"_","1509":"b","1510":"l","1511":"a","1512":"n","1513":"k","1514":"\\","1515":"\"","1516":" ","1517":"r","1518":"e","1519":"l","1520":"=","1521":"\\","1522":"\"","1523":"n","1524":"o","1525":"o","1526":"p","1527":"e","1528":"n","1529":"e","1530":"r","1531":"\\","1532":"\"","1533":">","1534":"u","1535":"n","1536":"i","1537":"t","1538":"-","1539":"j","1540":"e","1541":"s","1542":"t","1543":"<","1544":"/","1545":"a","1546":">","1547":"<","1548":"/","1549":"l","1550":"i","1551":">","1552":"\\","1553":"n","1554":" ","1555":" ","1556":" ","1557":" ","1558":" ","1559":" ","1560":"<","1561":"l","1562":"i","1563":">","1564":"<","1565":"a","1566":" ","1567":"h","1568":"r","1569":"e","1570":"f","1571":"=","1572":"\\","1573":"\"","1574":"h","1575":"t","1576":"t","1577":"p","1578":"s","1579":":","1580":"/","1581":"/","1582":"g","1583":"i","1584":"t","1585":"h","1586":"u","1587":"b","1588":".","1589":"c","1590":"o","1591":"m","1592":"/","1593":"v","1594":"u","1595":"e","1596":"j","1597":"s","1598":"/","1599":"v","1600":"u","1601":"e","1602":"-","1603":"c","1604":"l","1605":"i","1606":"/","1607":"t","1608":"r","1609":"e","1610":"e","1611":"/","1612":"d","1613":"e","1614":"v","1615":"/","1616":"p","1617":"a","1618":"c","1619":"k","1620":"a","1621":"g","1622":"e","1623":"s","1624":"/","1625":"%","1626":"4","1627":"0","1628":"v","1629":"u","1630":"e","1631":"/","1632":"c","1633":"l","1634":"i","1635":"-","1636":"p","1637":"l","1638":"u","1639":"g","1640":"i","1641":"n","1642":"-","1643":"t","1644":"y","1645":"p","1646":"e","1647":"s","1648":"c","1649":"r","1650":"i","1651":"p","1652":"t","1653":"\\","1654":"\"","1655":" ","1656":"t","1657":"a","1658":"r","1659":"g","1660":"e","1661":"t","1662":"=","1663":"\\","1664":"\"","1665":"_","1666":"b","1667":"l","1668":"a","1669":"n","1670":"k","1671":"\\","1672":"\"","1673":" ","1674":"r","1675":"e","1676":"l","1677":"=","1678":"\\","1679":"\"","1680":"n","1681":"o","1682":"o","1683":"p","1684":"e","1685":"n","1686":"e","1687":"r","1688":"\\","1689":"\"","1690":">","1691":"t","1692":"y","1693":"p","1694":"e","1695":"s","1696":"c","1697":"r","1698":"i","1699":"p","1700":"t","1701":"<","1702":"/","1703":"a","1704":">","1705":"<","1706":"/","1707":"l","1708":"i","1709":">","1710":"\\","1711":"n","1712":" ","1713":" ","1714":" ","1715":" ","1716":"<","1717":"/","1718":"u","1719":"l","1720":">","1721":"\\","1722":"n","1723":" ","1724":" ","1725":" ","1726":" ","1727":"<","1728":"h","1729":"3","1730":">","1731":"E","1732":"s","1733":"s","1734":"e","1735":"n","1736":"t","1737":"i","1738":"a","1739":"l","1740":" ","1741":"L","1742":"i","1743":"n","1744":"k","1745":"s","1746":"<","1747":"/","1748":"h","1749":"3","1750":">","1751":"\\","1752":"n","1753":" ","1754":" ","1755":" ","1756":" ","1757":"<","1758":"u","1759":"l","1760":">","1761":"\\","1762":"n","1763":" ","1764":" ","1765":" ","1766":" ","1767":" ","1768":" ","1769":"<","1770":"l","1771":"i","1772":">","1773":"<","1774":"a","1775":" ","1776":"h","1777":"r","1778":"e","1779":"f","1780":"=","1781":"\\","1782":"\"","1783":"h","1784":"t","1785":"t","1786":"p","1787":"s","1788":":","1789":"/","1790":"/","1791":"v","1792":"u","1793":"e","1794":"j","1795":"s","1796":".","1797":"o","1798":"r","1799":"g","1800":"\\","1801":"\"","1802":" ","1803":"t","1804":"a","1805":"r","1806":"g","1807":"e","1808":"t","1809":"=","1810":"\\","1811":"\"","1812":"_","1813":"b","1814":"l","1815":"a","1816":"n","1817":"k","1818":"\\","1819":"\"","1820":" ","1821":"r","1822":"e","1823":"l","1824":"=","1825":"\\","1826":"\"","1827":"n","1828":"o","1829":"o","1830":"p","1831":"e","1832":"n","1833":"e","1834":"r","1835":"\\","1836":"\"","1837":">","1838":"C","1839":"o","1840":"r","1841":"e","1842":" ","1843":"D","1844":"o","1845":"c","1846":"s","1847":"<","1848":"/","1849":"a","1850":">","1851":"<","1852":"/","1853":"l","1854":"i","1855":">","1856":"\\","1857":"n","1858":" ","1859":" ","1860":" ","1861":" ","1862":" ","1863":" ","1864":"<","1865":"l","1866":"i","1867":">","1868":"<","1869":"a","1870":" ","1871":"h","1872":"r","1873":"e","1874":"f","1875":"=","1876":"\\","1877":"\"","1878":"h","1879":"t","1880":"t","1881":"p","1882":"s","1883":":","1884":"/","1885":"/","1886":"f","1887":"o","1888":"r","1889":"u","1890":"m","1891":".","1892":"v","1893":"u","1894":"e","1895":"j","1896":"s","1897":".","1898":"o","1899":"r","1900":"g","1901":"\\","1902":"\"","1903":" ","1904":"t","1905":"a","1906":"r","1907":"g","1908":"e","1909":"t","1910":"=","1911":"\\","1912":"\"","1913":"_","1914":"b","1915":"l","1916":"a","1917":"n","1918":"k","1919":"\\","1920":"\"","1921":" ","1922":"r","1923":"e","1924":"l","1925":"=","1926":"\\","1927":"\"","1928":"n","1929":"o","1930":"o","1931":"p","1932":"e","1933":"n","1934":"e","1935":"r","1936":"\\","1937":"\"","1938":">","1939":"F","1940":"o","1941":"r","1942":"u","1943":"m","1944":"<","1945":"/","1946":"a","1947":">","1948":"<","1949":"/","1950":"l","1951":"i","1952":">","1953":"\\","1954":"n","1955":" ","1956":" ","1957":" ","1958":" ","1959":" ","1960":" ","1961":"<","1962":"l","1963":"i","1964":">","1965":"<","1966":"a","1967":" ","1968":"h","1969":"r","1970":"e","1971":"f","1972":"=","1973":"\\","1974":"\"","1975":"h","1976":"t","1977":"t","1978":"p","1979":"s","1980":":","1981":"/","1982":"/","1983":"c","1984":"h","1985":"a","1986":"t","1987":".","1988":"v","1989":"u","1990":"e","1991":"j","1992":"s","1993":".","1994":"o","1995":"r","1996":"g","1997":"\\","1998":"\"","1999":" ","2000":"t","2001":"a","2002":"r","2003":"g","2004":"e","2005":"t","2006":"=","2007":"\\","2008":"\"","2009":"_","2010":"b","2011":"l","2012":"a","2013":"n","2014":"k","2015":"\\","2016":"\"","2017":" ","2018":"r","2019":"e","2020":"l","2021":"=","2022":"\\","2023":"\"","2024":"n","2025":"o","2026":"o","2027":"p","2028":"e","2029":"n","2030":"e","2031":"r","2032":"\\","2033":"\"","2034":">","2035":"C","2036":"o","2037":"m","2038":"m","2039":"u","2040":"n","2041":"i","2042":"t","2043":"y","2044":" ","2045":"C","2046":"h","2047":"a","2048":"t","2049":"<","2050":"/","2051":"a","2052":">","2053":"<","2054":"/","2055":"l","2056":"i","2057":">","2058":"\\","2059":"n","2060":" ","2061":" ","2062":" ","2063":" ","2064":" ","2065":" ","2066":"<","2067":"l","2068":"i","2069":">","2070":"<","2071":"a","2072":" ","2073":"h","2074":"r","2075":"e","2076":"f","2077":"=","2078":"\\","2079":"\"","2080":"h","2081":"t","2082":"t","2083":"p","2084":"s","2085":":","2086":"/","2087":"/","2088":"t","2089":"w","2090":"i","2091":"t","2092":"t","2093":"e","2094":"r","2095":".","2096":"c","2097":"o","2098":"m","2099":"/","2100":"v","2101":"u","2102":"e","2103":"j","2104":"s","2105":"\\","2106":"\"","2107":" ","2108":"t","2109":"a","2110":"r","2111":"g","2112":"e","2113":"t","2114":"=","2115":"\\","2116":"\"","2117":"_","2118":"b","2119":"l","2120":"a","2121":"n","2122":"k","2123":"\\","2124":"\"","2125":" ","2126":"r","2127":"e","2128":"l","2129":"=","2130":"\\","2131":"\"","2132":"n","2133":"o","2134":"o","2135":"p","2136":"e","2137":"n","2138":"e","2139":"r","2140":"\\","2141":"\"","2142":">","2143":"T","2144":"w","2145":"i","2146":"t","2147":"t","2148":"e","2149":"r","2150":"<","2151":"/","2152":"a","2153":">","2154":"<","2155":"/","2156":"l","2157":"i","2158":">","2159":"\\","2160":"n","2161":" ","2162":" ","2163":" ","2164":" ","2165":" ","2166":" ","2167":"<","2168":"l","2169":"i","2170":">","2171":"<","2172":"a","2173":" ","2174":"h","2175":"r","2176":"e","2177":"f","2178":"=","2179":"\\","2180":"\"","2181":"h","2182":"t","2183":"t","2184":"p","2185":"s","2186":":","2187":"/","2188":"/","2189":"n","2190":"e","2191":"w","2192":"s","2193":".","2194":"v","2195":"u","2196":"e","2197":"j","2198":"s","2199":".","2200":"o","2201":"r","2202":"g","2203":"\\","2204":"\"","2205":" ","2206":"t","2207":"a","2208":"r","2209":"g","2210":"e","2211":"t","2212":"=","2213":"\\","2214":"\"","2215":"_","2216":"b","2217":"l","2218":"a","2219":"n","2220":"k","2221":"\\","2222":"\"","2223":" ","2224":"r","2225":"e","2226":"l","2227":"=","2228":"\\","2229":"\"","2230":"n","2231":"o","2232":"o","2233":"p","2234":"e","2235":"n","2236":"e","2237":"r","2238":"\\","2239":"\"","2240":">","2241":"N","2242":"e","2243":"w","2244":"s","2245":"<","2246":"/","2247":"a","2248":">","2249":"<","2250":"/","2251":"l","2252":"i","2253":">","2254":"\\","2255":"n","2256":" ","2257":" ","2258":" ","2259":" ","2260":"<","2261":"/","2262":"u","2263":"l","2264":">","2265":"\\","2266":"n","2267":" ","2268":" ","2269":" ","2270":" ","2271":"<","2272":"h","2273":"3","2274":">","2275":"E","2276":"c","2277":"o","2278":"s","2279":"y","2280":"s","2281":"t","2282":"e","2283":"m","2284":"<","2285":"/","2286":"h","2287":"3","2288":">","2289":"\\","2290":"n","2291":" ","2292":" ","2293":" ","2294":" ","2295":"<","2296":"u","2297":"l","2298":">","2299":"\\","2300":"n","2301":" ","2302":" ","2303":" ","2304":" ","2305":" ","2306":" ","2307":"<","2308":"l","2309":"i","2310":">","2311":"<","2312":"a","2313":" ","2314":"h","2315":"r","2316":"e","2317":"f","2318":"=","2319":"\\","2320":"\"","2321":"h","2322":"t","2323":"t","2324":"p","2325":"s","2326":":","2327":"/","2328":"/","2329":"r","2330":"o","2331":"u","2332":"t","2333":"e","2334":"r","2335":".","2336":"v","2337":"u","2338":"e","2339":"j","2340":"s","2341":".","2342":"o","2343":"r","2344":"g","2345":"\\","2346":"\"","2347":" ","2348":"t","2349":"a","2350":"r","2351":"g","2352":"e","2353":"t","2354":"=","2355":"\\","2356":"\"","2357":"_","2358":"b","2359":"l","2360":"a","2361":"n","2362":"k","2363":"\\","2364":"\"","2365":" ","2366":"r","2367":"e","2368":"l","2369":"=","2370":"\\","2371":"\"","2372":"n","2373":"o","2374":"o","2375":"p","2376":"e","2377":"n","2378":"e","2379":"r","2380":"\\","2381":"\"","2382":">","2383":"v","2384":"u","2385":"e","2386":"-","2387":"r","2388":"o","2389":"u","2390":"t","2391":"e","2392":"r","2393":"<","2394":"/","2395":"a","2396":">","2397":"<","2398":"/","2399":"l","2400":"i","2401":">","2402":"\\","2403":"n","2404":" ","2405":" ","2406":" ","2407":" ","2408":" ","2409":" ","2410":"<","2411":"l","2412":"i","2413":">","2414":"<","2415":"a","2416":" ","2417":"h","2418":"r","2419":"e","2420":"f","2421":"=","2422":"\\","2423":"\"","2424":"h","2425":"t","2426":"t","2427":"p","2428":"s","2429":":","2430":"/","2431":"/","2432":"v","2433":"u","2434":"e","2435":"x","2436":".","2437":"v","2438":"u","2439":"e","2440":"j","2441":"s","2442":".","2443":"o","2444":"r","2445":"g","2446":"\\","2447":"\"","2448":" ","2449":"t","2450":"a","2451":"r","2452":"g","2453":"e","2454":"t","2455":"=","2456":"\\","2457":"\"","2458":"_","2459":"b","2460":"l","2461":"a","2462":"n","2463":"k","2464":"\\","2465":"\"","2466":" ","2467":"r","2468":"e","2469":"l","2470":"=","2471":"\\","2472":"\"","2473":"n","2474":"o","2475":"o","2476":"p","2477":"e","2478":"n","2479":"e","2480":"r","2481":"\\","2482":"\"","2483":">","2484":"v","2485":"u","2486":"e","2487":"x","2488":"<","2489":"/","2490":"a","2491":">","2492":"<","2493":"/","2494":"l","2495":"i","2496":">","2497":"\\","2498":"n","2499":" ","2500":" ","2501":" ","2502":" ","2503":" ","2504":" ","2505":"<","2506":"l","2507":"i","2508":">","2509":"<","2510":"a","2511":" ","2512":"h","2513":"r","2514":"e","2515":"f","2516":"=","2517":"\\","2518":"\"","2519":"h","2520":"t","2521":"t","2522":"p","2523":"s","2524":":","2525":"/","2526":"/","2527":"g","2528":"i","2529":"t","2530":"h","2531":"u","2532":"b","2533":".","2534":"c","2535":"o","2536":"m","2537":"/","2538":"v","2539":"u","2540":"e","2541":"j","2542":"s","2543":"/","2544":"v","2545":"u","2546":"e","2547":"-","2548":"d","2549":"e","2550":"v","2551":"t","2552":"o","2553":"o","2554":"l","2555":"s","2556":"#","2557":"v","2558":"u","2559":"e","2560":"-","2561":"d","2562":"e","2563":"v","2564":"t","2565":"o","2566":"o","2567":"l","2568":"s","2569":"\\","2570":"\"","2571":" ","2572":"t","2573":"a","2574":"r","2575":"g","2576":"e","2577":"t","2578":"=","2579":"\\","2580":"\"","2581":"_","2582":"b","2583":"l","2584":"a","2585":"n","2586":"k","2587":"\\","2588":"\"","2589":" ","2590":"r","2591":"e","2592":"l","2593":"=","2594":"\\","2595":"\"","2596":"n","2597":"o","2598":"o","2599":"p","2600":"e","2601":"n","2602":"e","2603":"r","2604":"\\","2605":"\"","2606":">","2607":"v","2608":"u","2609":"e","2610":"-","2611":"d","2612":"e","2613":"v","2614":"t","2615":"o","2616":"o","2617":"l","2618":"s","2619":"<","2620":"/","2621":"a","2622":">","2623":"<","2624":"/","2625":"l","2626":"i","2627":">","2628":"\\","2629":"n","2630":" ","2631":" ","2632":" ","2633":" ","2634":" ","2635":" ","2636":"<","2637":"l","2638":"i","2639":">","2640":"<","2641":"a","2642":" ","2643":"h","2644":"r","2645":"e","2646":"f","2647":"=","2648":"\\","2649":"\"","2650":"h","2651":"t","2652":"t","2653":"p","2654":"s","2655":":","2656":"/","2657":"/","2658":"v","2659":"u","2660":"e","2661":"-","2662":"l","2663":"o","2664":"a","2665":"d","2666":"e","2667":"r","2668":".","2669":"v","2670":"u","2671":"e","2672":"j","2673":"s","2674":".","2675":"o","2676":"r","2677":"g","2678":"\\","2679":"\"","2680":" ","2681":"t","2682":"a","2683":"r","2684":"g","2685":"e","2686":"t","2687":"=","2688":"\\","2689":"\"","2690":"_","2691":"b","2692":"l","2693":"a","2694":"n","2695":"k","2696":"\\","2697":"\"","2698":" ","2699":"r","2700":"e","2701":"l","2702":"=","2703":"\\","2704":"\"","2705":"n","2706":"o","2707":"o","2708":"p","2709":"e","2710":"n","2711":"e","2712":"r","2713":"\\","2714":"\"","2715":">","2716":"v","2717":"u","2718":"e","2719":"-","2720":"l","2721":"o","2722":"a","2723":"d","2724":"e","2725":"r","2726":"<","2727":"/","2728":"a","2729":">","2730":"<","2731":"/","2732":"l","2733":"i","2734":">","2735":"\\","2736":"n","2737":" ","2738":" ","2739":" ","2740":" ","2741":" ","2742":" ","2743":"<","2744":"l","2745":"i","2746":">","2747":"<","2748":"a","2749":" ","2750":"h","2751":"r","2752":"e","2753":"f","2754":"=","2755":"\\","2756":"\"","2757":"h","2758":"t","2759":"t","2760":"p","2761":"s","2762":":","2763":"/","2764":"/","2765":"g","2766":"i","2767":"t","2768":"h","2769":"u","2770":"b","2771":".","2772":"c","2773":"o","2774":"m","2775":"/","2776":"v","2777":"u","2778":"e","2779":"j","2780":"s","2781":"/","2782":"a","2783":"w","2784":"e","2785":"s","2786":"o","2787":"m","2788":"e","2789":"-","2790":"v","2791":"u","2792":"e","2793":"\\","2794":"\"","2795":" ","2796":"t","2797":"a","2798":"r","2799":"g","2800":"e","2801":"t","2802":"=","2803":"\\","2804":"\"","2805":"_","2806":"b","2807":"l","2808":"a","2809":"n","2810":"k","2811":"\\","2812":"\"","2813":" ","2814":"r","2815":"e","2816":"l","2817":"=","2818":"\\","2819":"\"","2820":"n","2821":"o","2822":"o","2823":"p","2824":"e","2825":"n","2826":"e","2827":"r","2828":"\\","2829":"\"","2830":">","2831":"a","2832":"w","2833":"e","2834":"s","2835":"o","2836":"m","2837":"e","2838":"-","2839":"v","2840":"u","2841":"e","2842":"<","2843":"/","2844":"a","2845":">","2846":"<","2847":"/","2848":"l","2849":"i","2850":">","2851":"\\","2852":"n","2853":" ","2854":" ","2855":" ","2856":" ","2857":"<","2858":"/","2859":"u","2860":"l","2861":">","2862":"\\","2863":"n","2864":" ","2865":" ","2866":"<","2867":"/","2868":"d","2869":"i","2870":"v","2871":">","2872":"\\","2873":"n","2874":"<","2875":"/","2876":"t","2877":"e","2878":"m","2879":"p","2880":"l","2881":"a","2882":"t","2883":"e","2884":">","2885":"\\","2886":"n","2887":"\\","2888":"n","2889":"<","2890":"s","2891":"c","2892":"r","2893":"i","2894":"p","2895":"t","2896":" ","2897":"l","2898":"a","2899":"n","2900":"g","2901":"=","2902":"\\","2903":"\"","2904":"t","2905":"s","2906":"\\","2907":"\"","2908":">","2909":"\\","2910":"n","2911":"i","2912":"m","2913":"p","2914":"o","2915":"r","2916":"t","2917":" ","2918":"{","2919":" ","2920":"O","2921":"p","2922":"t","2923":"i","2924":"o","2925":"n","2926":"s","2927":",","2928":" ","2929":"V","2930":"u","2931":"e","2932":" ","2933":"}","2934":" ","2935":"f","2936":"r","2937":"o","2938":"m","2939":" ","2940":"'","2941":"v","2942":"u","2943":"e","2944":"-","2945":"c","2946":"l","2947":"a","2948":"s","2949":"s","2950":"-","2951":"c","2952":"o","2953":"m","2954":"p","2955":"o","2956":"n","2957":"e","2958":"n","2959":"t","2960":"'","2961":";","2962":"\\","2963":"n","2964":"\\","2965":"n","2966":"@","2967":"O","2968":"p","2969":"t","2970":"i","2971":"o","2972":"n","2973":"s","2974":"(","2975":"{","2976":"\\","2977":"n","2978":" ","2979":" ","2980":"p","2981":"r","2982":"o","2983":"p","2984":"s","2985":":","2986":" ","2987":"{","2988":"\\","2989":"n","2990":" ","2991":" ","2992":" ","2993":" ","2994":"m","2995":"s","2996":"g","2997":":","2998":" ","2999":"S","3000":"t","3001":"r","3002":"i","3003":"n","3004":"g","3005":"\\","3006":"n","3007":" ","3008":" ","3009":"}","3010":"\\","3011":"n","3012":"}","3013":")","3014":"\\","3015":"n","3016":"e","3017":"x","3018":"p","3019":"o","3020":"r","3021":"t","3022":" ","3023":"d","3024":"e","3025":"f","3026":"a","3027":"u","3028":"l","3029":"t","3030":" ","3031":"c","3032":"l","3033":"a","3034":"s","3035":"s","3036":" ","3037":"H","3038":"e","3039":"l","3040":"l","3041":"o","3042":"W","3043":"o","3044":"r","3045":"l","3046":"d","3047":" ","3048":"e","3049":"x","3050":"t","3051":"e","3052":"n","3053":"d","3054":"s","3055":" ","3056":"V","3057":"u","3058":"e","3059":" ","3060":"{","3061":"\\","3062":"n","3063":" ","3064":" ","3065":"m","3066":"s","3067":"g","3068":"!","3069":":","3070":" ","3071":"s","3072":"t","3073":"r","3074":"i","3075":"n","3076":"g","3077":"\\","3078":"n","3079":"}","3080":"\\","3081":"n","3082":"<","3083":"/","3084":"s","3085":"c","3086":"r","3087":"i","3088":"p","3089":"t","3090":">","3091":"\\","3092":"n","3093":"\\","3094":"n","3095":"<","3096":"!","3097":"-","3098":"-","3099":" ","3100":"A","3101":"d","3102":"d","3103":" ","3104":"\\","3105":"\"","3106":"s","3107":"c","3108":"o","3109":"p","3110":"e","3111":"d","3112":"\\","3113":"\"","3114":" ","3115":"a","3116":"t","3117":"t","3118":"r","3119":"i","3120":"b","3121":"u","3122":"t","3123":"e","3124":" ","3125":"t","3126":"o","3127":" ","3128":"l","3129":"i","3130":"m","3131":"i","3132":"t","3133":" ","3134":"C","3135":"S","3136":"S","3137":" ","3138":"t","3139":"o","3140":" ","3141":"t","3142":"h","3143":"i","3144":"s","3145":" ","3146":"c","3147":"o","3148":"m","3149":"p","3150":"o","3151":"n","3152":"e","3153":"n","3154":"t","3155":" ","3156":"o","3157":"n","3158":"l","3159":"y","3160":" ","3161":"-","3162":"-","3163":">","3164":"\\","3165":"n","3166":"<","3167":"s","3168":"t","3169":"y","3170":"l","3171":"e","3172":" ","3173":"s","3174":"c","3175":"o","3176":"p","3177":"e","3178":"d","3179":">","3180":"\\","3181":"n","3182":"h","3183":"3","3184":" ","3185":"{","3186":"\\","3187":"n","3188":" ","3189":" ","3190":"m","3191":"a","3192":"r","3193":"g","3194":"i","3195":"n","3196":":","3197":" ","3198":"4","3199":"0","3200":"p","3201":"x","3202":" ","3203":"0","3204":" ","3205":"0","3206":";","3207":"\\","3208":"n","3209":"}","3210":"\\","3211":"n","3212":"u","3213":"l","3214":" ","3215":"{","3216":"\\","3217":"n","3218":" ","3219":" ","3220":"l","3221":"i","3222":"s","3223":"t","3224":"-","3225":"s","3226":"t","3227":"y","3228":"l","3229":"e","3230":"-","3231":"t","3232":"y","3233":"p","3234":"e","3235":":","3236":" ","3237":"n","3238":"o","3239":"n","3240":"e","3241":";","3242":"\\","3243":"n","3244":" ","3245":" ","3246":"p","3247":"a","3248":"d","3249":"d","3250":"i","3251":"n","3252":"g","3253":":","3254":" ","3255":"0","3256":";","3257":"\\","3258":"n","3259":"}","3260":"\\","3261":"n","3262":"l","3263":"i","3264":" ","3265":"{","3266":"\\","3267":"n","3268":" ","3269":" ","3270":"d","3271":"i","3272":"s","3273":"p","3274":"l","3275":"a","3276":"y","3277":":","3278":" ","3279":"i","3280":"n","3281":"l","3282":"i","3283":"n","3284":"e","3285":"-","3286":"b","3287":"l","3288":"o","3289":"c","3290":"k","3291":";","3292":"\\","3293":"n","3294":" ","3295":" ","3296":"m","3297":"a","3298":"r","3299":"g","3300":"i","3301":"n","3302":":","3303":" ","3304":"0","3305":" ","3306":"1","3307":"0","3308":"p","3309":"x","3310":";","3311":"\\","3312":"n","3313":"}","3314":"\\","3315":"n","3316":"a","3317":" ","3318":"{","3319":"\\","3320":"n","3321":" ","3322":" ","3323":"c","3324":"o","3325":"l","3326":"o","3327":"r","3328":":","3329":" ","3330":"#","3331":"4","3332":"2","3333":"b","3334":"9","3335":"8","3336":"3","3337":";","3338":"\\","3339":"n","3340":"}","3341":"\\","3342":"n","3343":"<","3344":"/","3345":"s","3346":"t","3347":"y","3348":"l","3349":"e","3350":">","3351":"\\","3352":"n","3353":"\"","3354":"]","3355":"}"},"_coverageSchema":"1a1c01bbd47fc00a2c39e90264f33305004495a9","hash":"86c8e08953c514182225c9fe4476fbb6afe0cea7"}
}
