TN:
SF:src/presentation/components/HelloWorld.vue
FN:3,(anonymous_0)
FN:4,(anonymous_1)
FN:7,(anonymous_2)
FN:9,(anonymous_3)
FN:14,(anonymous_4)
FN:17,__
FN:23,(anonymous_6)
FN:34,(anonymous_7)
FN:36,HelloWorld
FN:60,render
FNF:10
FNH:8
FNDA:1,(anonymous_0)
FNDA:1,(anonymous_1)
FNDA:0,(anonymous_2)
FNDA:0,(anonymous_3)
FNDA:1,(anonymous_4)
FNDA:1,__
FNDA:1,(anonymous_6)
FNDA:1,(anonymous_7)
FNDA:1,HelloWorld
FNDA:1,render
DA:3,1
DA:4,1
DA:5,1
DA:8,0
DA:10,0
DA:12,1
DA:14,1
DA:15,1
DA:16,1
DA:18,1
DA:20,1
DA:23,1
DA:24,1
DA:25,1
DA:27,1
DA:28,1
DA:30,1
DA:33,1
DA:34,1
DA:35,1
DA:37,1
DA:38,1
DA:44,1
DA:46,1
DA:51,1
DA:53,1
DA:54,1
DA:55,1
DA:56,1
DA:57,1
DA:58,1
DA:59,1
DA:61,1
DA:66,1
DA:68,1
DA:71,1
LF:36
LH:34
BRDA:3,0,0,1
BRDA:3,0,1,1
BRDA:3,0,2,1
BRDA:5,1,0,1
BRDA:5,1,1,0
BRDA:5,1,2,0
BRDA:5,1,3,0
BRDA:10,2,0,0
BRDA:10,2,1,0
BRDA:15,3,0,0
BRDA:15,3,1,1
BRDA:15,4,0,1
BRDA:15,4,1,0
BRDA:20,5,0,0
BRDA:20,5,1,1
BRDA:23,6,0,1
BRDA:23,6,1,1
BRDA:23,6,2,1
BRDA:25,7,0,1
BRDA:25,7,1,0
BRDA:25,8,0,0
BRDA:25,8,1,0
BRDA:27,9,0,0
BRDA:27,9,1,1
BRDA:27,10,0,1
BRDA:27,10,1,1
BRDA:27,11,0,1
BRDA:27,11,1,0
BRDA:27,12,0,1
BRDA:27,12,1,0
BRDA:27,13,0,1
BRDA:27,13,1,0
BRDA:27,14,0,0
BRDA:27,14,1,0
BRDA:28,15,0,1
BRDA:28,15,1,0
BRDA:28,15,2,0
BRDA:37,16,0,1
BRDA:37,16,1,1
BRDA:37,16,2,1
BRF:40
BRH:21
end_of_record
